* using log directory ‘/shared/home/andersonp/GitHub/Proteomics-Pathway-Feature-Selection/GeneListPrioritization/GeneListPrioritization.Rcheck’
* using R version 3.2.0 (2015-04-16)
* using platform: x86_64-pc-linux-gnu (64-bit)
* using session charset: UTF-8
* using option ‘--as-cran’
* checking for file ‘GeneListPrioritization/DESCRIPTION’ ... OK
* this is package ‘GeneListPrioritization’ version ‘0.1’
* package encoding: UTF-8
* checking CRAN incoming feasibility ... NOTE
Maintainer: ‘Paul Anderson <andersonpe2@cofc.edu>’
New submission

License components with restrictions and base license permitting such:
  MIT + file LICENSE
File 'LICENSE':
  YEAR: 2015
  COPYRIGHT HOLDER: Paul Anderson and Benjamin Neely
* checking package namespace information ... OK
* checking package dependencies ... NOTE
  No repository set, so cyclic dependency check skipped
* checking if this is a source package ... OK
* checking if there is a namespace ... OK
* checking for executable files ... OK
* checking for hidden files and directories ... OK
* checking for portable file names ... OK
* checking for sufficient/correct file permissions ... OK
* checking whether package ‘GeneListPrioritization’ can be installed ... OK
* checking installed package size ... OK
* checking package directory ... OK
* checking ‘build’ directory ... OK
* checking DESCRIPTION meta-information ... NOTE
Malformed Description field: should contain one or more complete sentences.
* checking top-level files ... OK
* checking for left-over files ... OK
* checking index information ... OK
* checking package subdirectories ... OK
* checking R files for non-ASCII characters ... OK
* checking R files for syntax errors ... OK
* checking whether the package can be loaded ... OK
* checking whether the package can be loaded with stated dependencies ... OK
* checking whether the package can be unloaded cleanly ... OK
* checking whether the namespace can be loaded with stated dependencies ... OK
* checking whether the namespace can be unloaded cleanly ... OK
* checking loading without being on the library search path ... OK
* checking use of S3 registration ... OK
* checking dependencies in R code ... NOTE
Packages in Depends field not imported from:
  ‘GSEABase’ ‘KEGGREST’ ‘RCurl’ ‘XML’
  These packages need to be imported from (in the NAMESPACE file)
  for when this namespace is loaded but not attached.
* checking S3 generic/method consistency ... OK
* checking replacement functions ... OK
* checking foreign function calls ... OK
* checking R code for possible problems ... NOTE
get.genes.kegg: no visible global function definition for ‘keggGet’
get.genes.wiki: no visible global function definition for ‘getURL’
get.genes.wiki: no visible global function definition for ‘xmlParse’
get.genes.wiki: no visible global function definition for
  ‘xmlElementsByTagName’
get.genes.wiki: no visible global function definition for ‘xmlRoot’
get.genes.wiki : <anonymous>: no visible global function definition for
  ‘xmlChildren’
get.genes.wiki : <anonymous>: no visible global function definition for
  ‘xmlValue’
get.genes.wiki : createGS: no visible global function definition for
  ‘getURL’
get.genes.wiki : createGS: no visible global function definition for
  ‘xmlParse’
get.genes.wiki : createGS: no visible global function definition for
  ‘xmlElementsByTagName’
get.genes.wiki : createGS: no visible global function definition for
  ‘xmlRoot’
get.genes.wiki : createGS: no visible binding for global variable
  ‘xmlValue’
get.genes.wiki : createGS: no visible global function definition for
  ‘GeneSet’
get.genes.wiki : createGS: no visible global function definition for
  ‘EntrezIdentifier’
get.genes.wiki: no visible global function definition for ‘geneIds’
* checking Rd files ... OK
* checking Rd metadata ... OK
* checking Rd line widths ... OK
* checking Rd cross-references ... OK
* checking for missing documentation entries ... OK
* checking for code/documentation mismatches ... OK
* checking Rd \usage sections ... OK
* checking Rd contents ... OK
* checking for unstated dependencies in examples ... OK
 WARNING
‘qpdf’ is needed for checks on size reduction of PDFs
* checking installed files from ‘inst/doc’ ... OK
* checking files in ‘vignettes’ ... OK
* checking examples ... OK
Examples with CPU or elapsed time > 5s
                        user system elapsed
fold.change.filter    72.499  1.282 302.535
list.filter           72.390  1.112 301.151
list.filter.inxs      69.879  0.880 298.166
overall.var.filter    69.597  0.888 292.182
random.filter         68.735  0.664 298.674
overall.mean.filter   68.169  0.872 292.862
get.genes.in.data     14.909  0.268  86.673
load.gene.data        11.993  0.144  13.278
get.genes.wiki         8.805  0.855 240.200
get.genes.kegg         6.600  0.088  71.809
download.example.data  0.086  0.536  57.112
* checking for unstated dependencies in vignettes ... OK
* checking package vignettes in ‘inst/doc’ ... OK
* checking running R code from vignettes ... OK
* checking re-building of vignette outputs ... OK
* checking PDF version of manual ... OK
* DONE
Status: 1 WARNING, 5 NOTEs
